<?xml version="1.0" encoding="UTF-8"?>
<!-- Generated by org.testng.reporters.JUnitReportReporter -->
<testsuite hostname="Reazs-MacBook-Pro.local" name="com.api.test.ListOfUsers" tests="1" failures="0" timestamp="9 Sep 2018 17:19:46 GMT" time="2.960" errors="0">
  <testcase name="testSingleUserNegative" time="2.960" classname="com.api.test.ListOfUsers"/>
</testsuite> <!-- com.api.test.ListOfUsers -->
